Arguments: 
  /usr/bin/node /usr/bin/yarn add vue-cli-plugin-vuetfiy -D --tilde

PATH: 
  /home/ok/prj/library/vue/tlc-front-components/node_modules/.bin:/home/ok/prj/library/vue/node_modules/.bin:/home/ok/prj/library/node_modules/.bin:/home/ok/prj/node_modules/.bin:/home/ok/node_modules/.bin:/home/node_modules/.bin:/node_modules/.bin:/usr/bin:/home/ok/.symfony/bin:/home/ok/.local/bin:/usr/local/sbin:/usr/local/bin:/usr/sbin:/usr/bin:/sbin:/bin:/usr/games:/usr/local/games:/snap/bin:/home/ok/.local/bin:/home/ok/Qt5/5.15.2/gcc_64/bin/

Yarn version: 
  1.22.10

Node version: 
  14.16.0

Platform: 
  linux x64

Trace: 
  Error: https://registry.npm.taobao.org/vue-cli-plugin-vuetfiy: Not found
      at Request.params.callback [as _callback] (/usr/lib/node_modules/yarn/lib/cli.js:66988:18)
      at Request.self.callback (/usr/lib/node_modules/yarn/lib/cli.js:140662:22)
      at Request.emit (events.js:315:20)
      at Request.<anonymous> (/usr/lib/node_modules/yarn/lib/cli.js:141634:10)
      at Request.emit (events.js:315:20)
      at IncomingMessage.<anonymous> (/usr/lib/node_modules/yarn/lib/cli.js:141556:12)
      at Object.onceWrapper (events.js:421:28)
      at IncomingMessage.emit (events.js:327:22)
      at endReadableNT (internal/streams/readable.js:1327:12)
      at processTicksAndRejections (internal/process/task_queues.js:80:21)

npm manifest: 
  {
    "name": "tlc-front-components",
    "version": "1.0.0",
    "description": "",
  
    "main": "dist/tlc-front-components.ssr.js",
    "browser": "dist/tlc-front-components.esm.js",
    "module": "dist/tlc-front-components.esm.js",
    "unpkg": "dist/tlc-front-components.min.js",
  
    "files": [
      "dist/*",
      "src/**/*.vue"
    ],
    "sideEffects": false,
  
    "scripts": {
      "serve": "vue-cli-service serve dev/serve.js",
      "build": "cross-env NODE_ENV=production rollup --config build/rollup.config.js",
      "build:ssr": "cross-env NODE_ENV=production rollup --config build/rollup.config.js --format cjs",
      "build:es": "cross-env NODE_ENV=production rollup --config build/rollup.config.js --format es",
      "build:unpkg": "cross-env NODE_ENV=production rollup --config build/rollup.config.js --format iife"
    },
  
    "dependencies": {
    },
  
    "devDependencies": {
      "@babel/core": "^7.12.10",
      "@babel/preset-env": "^7.12.11",
      "@rollup/plugin-alias": "^3.1.1",
      "@rollup/plugin-babel": "^5.2.2",
      "@rollup/plugin-commonjs": "^17.0.0",
      "@rollup/plugin-node-resolve": "^11.0.1",
      "@rollup/plugin-replace": "^2.3.4",
      "@vue/cli-plugin-babel": "^4.5.10",
      "@vue/cli-service": "^4.5.10",
      "cross-env": "^7.0.3",
      "minimist": "^1.2.5",
      "rollup": "^2.36.1",
      "rollup-plugin-terser": "^7.0.2",
      "rollup-plugin-vue": "^5.1.9",
      "vue": "^2.6.12",
      "vue-template-compiler": "^2.6.12"
    },
    "peerDependencies": {
      "vue": "^2.6.12"
    },
    "engines": {
      "node": ">=12"
    }
  }

yarn manifest: 
  No manifest

Lockfile: 
  No lockfile
